MultiBarcodeSample1/app/build/intermediates/manifest_merge_blame_file/debug/processDebugMainManifest/manifest-merger-blame-debug-report.txt
1<?xml version="1.0" encoding="utf-8"?>
2<manifest xmlns:android="http://schemas.android.com/apk/res/android"
3    package="com.symbol.multibarcodesample1"
4    android:versionCode="7"
5    android:versionName="7.3.2" >
6
7    <uses-sdk
8        android:minSdkVersion="24"
9        android:targetSdkVersion="33" />
10
11    <uses-permission android:name="com.symbol.emdk.permission.EMDK" />
11-->src\main\AndroidManifest.xml:4:5-70
11-->src\main\AndroidManifest.xml:4:22-68
12
13    <application
13-->src\main\AndroidManifest.xml:6:5-27:19
14        android:allowBackup="true"
14-->src\main\AndroidManifest.xml:7:9-35
15        android:debuggable="true"
16        android:extractNativeLibs="false"
17        android:label="@string/app_name"
17-->src\main\AndroidManifest.xml:8:9-41
18        android:theme="@style/AppTheme" >
18-->src\main\AndroidManifest.xml:9:9-40
19        <uses-library android:name="com.symbol.emdk" />
19-->src\main\AndroidManifest.xml:12:9-55
19-->src\main\AndroidManifest.xml:12:23-53
20
21        <activity
21-->src\main\AndroidManifest.xml:15:9-26:20
22            android:name="com.symbol.multibarcodesample1.MainActivity"
22-->src\main\AndroidManifest.xml:16:13-41
23            android:exported="true"
23-->src\main\AndroidManifest.xml:17:13-36
24            android:label="@string/app_name"
24-->src\main\AndroidManifest.xml:18:13-45
25            android:screenOrientation="portrait" >
25-->src\main\AndroidManifest.xml:19:13-49
26            <intent-filter>
26-->src\main\AndroidManifest.xml:21:13-25:29
27                <action android:name="android.intent.action.MAIN" />
27-->src\main\AndroidManifest.xml:22:17-69
27-->src\main\AndroidManifest.xml:22:25-66
28
29                <category android:name="android.intent.category.LAUNCHER" />
29-->src\main\AndroidManifest.xml:24:17-77
29-->src\main\AndroidManifest.xml:24:27-74
30            </intent-filter>
31        </activity>
32    </application>
33
34</manifest>